#
# A fatal error has been detected by the Java Runtime Environment:
#
#  EXCEPTION_ACCESS_VIOLATION (0xc0000005) at pc=0x00007ffbb4542c62, pid=1740, tid=10196
#
# JRE version: OpenJDK Runtime Environment Temurin-17.0.6+10 (17.0.6+10) (build 17.0.6+10)
# Java VM: OpenJDK 64-Bit Server VM Temurin-17.0.6+10 (17.0.6+10, mixed mode, tiered, compressed oops, compressed class ptrs, g1 gc, windows-amd64)
# Problematic frame:
# C  [ntdll.dll+0x32c62]
#
# No core dump will be written. Minidumps are not enabled by default on client versions of Windows
#
# If you would like to submit a bug report, please visit:
#   https://github.com/adoptium/adoptium-support/issues
# The crash happened outside the Java Virtual Machine in native code.
# See problematic frame for where to report the bug.
#

---------------  S U M M A R Y ------------

Command Line: -Dfile.encoding=UTF-8 -XX:+ShowCodeDetailsInExceptionMessages com.newbie.main.Game

Host: Intel(R) Xeon(R) CPU E5-2640 v3 @ 2.60GHz, 8 cores, 15G,  Windows 10 , 64 bit Build 19041 (10.0.19041.2364)
Time: Fri Feb 10 01:58:32 2023 Hora oficial do Brasil elapsed time: 10.684104 seconds (0d 0h 0m 10s)

---------------  T H R E A D  ---------------

Current thread (0x0000017300880d20):  JavaThread "Thread-0" [_thread_in_native, id=10196, stack(0x00000023f0100000,0x00000023f0200000)]

Stack: [0x00000023f0100000,0x00000023f0200000],  sp=0x00000023f01fdce0,  free space=1015k
Native frames: (J=compiled Java code, j=interpreted, Vv=VM code, C=native code)
C  [ntdll.dll+0x32c62]
C  [ntdll.dll+0x513bc]
C  [ntdll.dll+0xa0f4e]
C  [ntdll.dll+0x63526]
C  [ntdll.dll+0x2fcb4]
C  [ntdll.dll+0x2fae2]
C  0x00007ffb9ae5fb4c

Java frames: (J=compiled Java code, j=interpreted, Vv=VM code)
j  sun.java2d.d3d.D3DSurfaceData.initOps(III)V+0 java.desktop@17.0.6
j  sun.java2d.d3d.D3DSurfaceData.<init>(Lsun/awt/windows/WComponentPeer;Lsun/java2d/d3d/D3DGraphicsConfig;IILjava/awt/Image;Ljava/awt/image/ColorModel;IILsun/java2d/pipe/hw/ExtendedBufferCapabilities$VSyncType;I)V+212 java.desktop@17.0.6
j  sun.java2d.d3d.D3DSurfaceData.createData(Lsun/awt/windows/WComponentPeer;Ljava/awt/Image;)Lsun/java2d/d3d/D3DSurfaceData;+117 java.desktop@17.0.6
j  sun.java2d.d3d.D3DVolatileSurfaceManager.initAcceleratedSurface()Lsun/java2d/SurfaceData;+68 java.desktop@17.0.6
j  sun.java2d.d3d.D3DVolatileSurfaceManager.restoreAcceleratedSurface()V+49 java.desktop@17.0.6
J 1164 c1 sun.awt.image.VolatileSurfaceManager.validate(Ljava/awt/GraphicsConfiguration;)I java.desktop@17.0.6 (213 bytes) @ 0x00000173643ba34c [0x00000173643b9e00+0x000000000000054c]
J 1083 c1 java.awt.Component$FlipBufferStrategy.revalidate()V java.desktop@17.0.6 (145 bytes) @ 0x0000017364363154 [0x0000017364362c40+0x0000000000000514]
J 1247 c2 com.newbie.main.Game.render()V (128 bytes) @ 0x000001736bd117bc [0x000001736bd112a0+0x000000000000051c]
J 920% c2 com.newbie.main.Game.run()V (136 bytes) @ 0x000001736bcf4f20 [0x000001736bcf4e80+0x00000000000000a0]
j  java.lang.Thread.run()V+11 java.base@17.0.6
v  ~StubRoutines::call_stub

siginfo: EXCEPTION_ACCESS_VIOLATION (0xc0000005), reading address 0x00007ffb9b018138


Register to memory mapping:

RIP=0x00007ffbb4542c62 ntdll.dll
RAX=0x000000000000304e is an unknown value
RBX=0x000000000000fb4c is an unknown value
RCX=0x000000000000c144 is an unknown value
RDX=0x000000000000101b is an unknown value
RSP=0x00000023f01fdce0 is pointing into the stack for thread: 0x0000017300880d20
RBP=0x00000023f01fe270 is pointing into the stack for thread: 0x0000017300880d20
RSI=0x0 is NULL
RDI=0x00007ffb9b00c000 is an unknown value
R8 =0x00007ffb9ae50000 is an unknown value
R9 =0x0000000000000007 is an unknown value
R10=0x00007ffbb4691510 ntdll.dll
R11=0x0000000000000011 is an unknown value
R12=0x0 is NULL
R13=0x00007ffbb46838f0 ntdll.dll
R14=0x00000023f01fe310 is pointing into the stack for thread: 0x0000017300880d20
R15=0x00000023f01fe288 is pointing into the stack for thread: 0x0000017300880d20


Registers:
RAX=0x000000000000304e, RBX=0x000000000000fb4c, RCX=0x000000000000c144, RDX=0x000000000000101b
RSP=0x00000023f01fdce0, RBP=0x00000023f01fe270, RSI=0x0000000000000000, RDI=0x00007ffb9b00c000
R8 =0x00007ffb9ae50000, R9 =0x0000000000000007, R10=0x00007ffbb4691510, R11=0x0000000000000011
R12=0x0000000000000000, R13=0x00007ffbb46838f0, R14=0x00000023f01fe310, R15=0x00000023f01fe288
RIP=0x00007ffbb4542c62, EFLAGS=0x0000000000010202

Top of Stack: (sp=0x00000023f01fdce0)
0x00000023f01fdce0:   0000000000000000 0000002300000000
0x00000023f01fdcf0:   00000023f01fdd00 00000023f01fdd08
0x00000023f01fdd00:   00007ffb9b00c000 00007ffb9ae50000
0x00000023f01fdd10:   0000c144001ce000 0000000000000000
0x00000023f01fdd20:   00007ffb9ae5fb4c 00007ffbb45613bc
0x00000023f01fdd30:   00000023f01fe930 0000000000000000
0x00000023f01fdd40:   0000000000000000 00000023f01fdd70
0x00000023f01fdd50:   00000023f01fdd70 00000023f01fe290
0x00000023f01fdd60:   00000023f01fe280 0000000000000000
0x00000023f01fdd70:   000001730062dee8 0000017300880d20
0x00000023f01fdd80:   0000000000000e96 000001736b741a07
0x00000023f01fdd90:   00000000006e7438 0000000000000000
0x00000023f01fdda0:   00001fa00010000f 0000000012d70033
0x00000023f01fddb0:   00010213002b027f 0000000000000000
0x00000023f01fddc0:   0000000000000000 0000ffff129103f8
0x00000023f01fddd0:   0000000000000000 000000001296eb40 

Instructions: (pc=0x00007ffbb4542c62)
0x00007ffbb4542b62:   41 83 f8 e7 73 09 48 83 c1 18 48 3b cb 72 c3 b8
0x00007ffbb4542b72:   7b 00 00 c0 89 44 24 20 4c 8b 54 24 28 eb 15 b8
0x00007ffbb4542b82:   7b 00 00 c0 eb cc b8 7b 00 00 c0 89 44 24 20 4c
0x00007ffbb4542b92:   8b 54 24 28 eb 13 b8 7b 00 00 c0 89 44 24 20 4c
0x00007ffbb4542ba2:   8b 4c 24 68 4c 8b 54 24 28 85 c0 78 03 4d 89 11
0x00007ffbb4542bb2:   48 83 c4 40 5b c3 cc b1 01 48 83 fb 40 0f 83 5b
0x00007ffbb4542bc2:   ff ff ff b8 7b 00 00 c0 eb e6 cc cc cc cc cc cc
0x00007ffbb4542bd2:   cc cc cc cc cc cc cc cc cc cc cc cc cc cc 48 89
0x00007ffbb4542be2:   5c 24 18 4c 89 74 24 20 41 57 48 83 ec 40 4d 8b
0x00007ffbb4542bf2:   f0 4c 8b fa 48 8b d9 4d 85 c0 0f 85 3c 01 00 00
0x00007ffbb4542c02:   48 8b 0d 0f e9 14 00 48 89 74 24 50 48 89 7c 24
0x00007ffbb4542c12:   58 48 3b d9 0f 83 ec 00 00 00 48 8d 54 24 20 48
0x00007ffbb4542c22:   8b cb e8 17 03 00 00 48 8b f8 48 85 ff 0f 84 da
0x00007ffbb4542c32:   02 00 00 8b 4c 24 34 48 b8 ab aa aa aa aa aa aa
0x00007ffbb4542c42:   aa 4c 8b 44 24 28 33 f6 48 f7 e1 4d 89 07 48 c1
0x00007ffbb4542c52:   ea 03 85 d2 74 73 8d 42 ff 49 2b d8 48 8d 04 40
0x00007ffbb4542c62:   44 8b 1c 87 4c 8d 14 87 49 3b db 73 48 44 8d 42
0x00007ffbb4542c72:   fe 44 8b ce 45 85 c0 78 3c 0f 1f 44 00 00 43 8d
0x00007ffbb4542c82:   04 08 d1 f8 48 63 c8 48 8d 14 49 4c 8d 14 97 8b
0x00007ffbb4542c92:   14 97 48 3b da 72 12 41 8b 4a 0c 44 8b da 48 3b
0x00007ffbb4542ca2:   d9 72 12 44 8d 48 01 eb 04 44 8d 40 ff 44 8b da
0x00007ffbb4542cb2:   45 3b c1 7d c9 41 8b c3 48 3b d8 72 0c 41 8b 42
0x00007ffbb4542cc2:   04 48 3b d8 73 03 49 8b f2 48 8b 7c 24 58 48 85
0x00007ffbb4542cd2:   f6 74 19 4d 85 f6 0f 85 ea 00 00 00 48 85 f6 74
0x00007ffbb4542ce2:   0b 8b 46 08 a8 01 0f 85 34 02 00 00 48 8b c6 48
0x00007ffbb4542cf2:   8b 74 24 50 48 8b 5c 24 60 4c 8b 74 24 68 48 83
0x00007ffbb4542d02:   c4 40 41 5f c3 cc 8b 05 12 e8 14 00 48 03 c1 48
0x00007ffbb4542d12:   3b d8 0f 83 02 ff ff ff 0f 28 0d ef e7 14 00 f2
0x00007ffbb4542d22:   0f 10 05 f7 e7 14 00 66 48 0f 7e cf 0f 11 4c 24
0x00007ffbb4542d32:   20 f2 0f 11 44 24 30 e9 ee fe ff ff 41 80 78 07
0x00007ffbb4542d42:   00 4c 8d 1d d6 e6 14 00 0f 85 6b 01 00 00 41 80
0x00007ffbb4542d52:   78 06 00 0f 84 a7 fe ff ff 48 3b 1d c6 e6 14 00 


Stack slot to memory mapping:
stack at sp + 0 slots: 0x0 is NULL
stack at sp + 1 slots: 0x0000002300000000 is an unknown value
stack at sp + 2 slots: 0x00000023f01fdd00 is pointing into the stack for thread: 0x0000017300880d20
stack at sp + 3 slots: 0x00000023f01fdd08 is pointing into the stack for thread: 0x0000017300880d20
stack at sp + 4 slots: 0x00007ffb9b00c000 is an unknown value
stack at sp + 5 slots: 0x00007ffb9ae50000 is an unknown value
stack at sp + 6 slots: 0x0000c144001ce000 is an unknown value
stack at sp + 7 slots: 0x0 is NULL


---------------  P R O C E S S  ---------------

Threads class SMR info:
_java_thread_list=0x0000017311452190, length=17, elements={
0x000001730084b020, 0x000001730084be90, 0x000001730087f290, 0x000001730087fe50,
0x0000017300882ed0, 0x00000173008816c0, 0x0000017300891930, 0x00000173008922e0,
0x0000017300894fe0, 0x0000017300881b90, 0x0000017300882a00, 0x0000017300882060,
0x0000017300882530, 0x0000017300883d40, 0x0000017300880d20, 0x0000017310e9e320,
0x0000017310e9c640
}

Java Threads: ( => current thread )
  0x000001730084b020 JavaThread "Reference Handler" daemon [_thread_blocked, id=14164, stack(0x00000023ee700000,0x00000023ee800000)]
  0x000001730084be90 JavaThread "Finalizer" daemon [_thread_blocked, id=10988, stack(0x00000023ee800000,0x00000023ee900000)]
  0x000001730087f290 JavaThread "Signal Dispatcher" daemon [_thread_blocked, id=10496, stack(0x00000023ee900000,0x00000023eea00000)]
  0x000001730087fe50 JavaThread "Attach Listener" daemon [_thread_blocked, id=17096, stack(0x00000023eea00000,0x00000023eeb00000)]
  0x0000017300882ed0 JavaThread "Service Thread" daemon [_thread_blocked, id=13984, stack(0x00000023eeb00000,0x00000023eec00000)]
  0x00000173008816c0 JavaThread "Monitor Deflation Thread" daemon [_thread_blocked, id=10972, stack(0x00000023eec00000,0x00000023eed00000)]
  0x0000017300891930 JavaThread "C2 CompilerThread0" daemon [_thread_blocked, id=14776, stack(0x00000023eed00000,0x00000023eee00000)]
  0x00000173008922e0 JavaThread "C1 CompilerThread0" daemon [_thread_blocked, id=2836, stack(0x00000023eee00000,0x00000023eef00000)]
  0x0000017300894fe0 JavaThread "Sweeper thread" daemon [_thread_blocked, id=3572, stack(0x00000023eef00000,0x00000023ef000000)]
  0x0000017300881b90 JavaThread "Notification Thread" daemon [_thread_blocked, id=12232, stack(0x00000023ef000000,0x00000023ef100000)]
  0x0000017300882a00 JavaThread "Common-Cleaner" daemon [_thread_blocked, id=9340, stack(0x00000023ef200000,0x00000023ef300000)]
  0x0000017300882060 JavaThread "Java2D Disposer" daemon [_thread_blocked, id=7976, stack(0x00000023ef300000,0x00000023ef400000)]
  0x0000017300882530 JavaThread "AWT-Shutdown" [_thread_blocked, id=15220, stack(0x00000023ef400000,0x00000023ef500000)]
  0x0000017300883d40 JavaThread "AWT-EventQueue-0" [_thread_blocked, id=1948, stack(0x00000023efe00000,0x00000023eff00000)]
=>0x0000017300880d20 JavaThread "Thread-0" [_thread_in_native, id=10196, stack(0x00000023f0100000,0x00000023f0200000)]
  0x0000017310e9e320 JavaThread "DestroyJavaVM" [_thread_blocked, id=11016, stack(0x00000023ee000000,0x00000023ee100000)]
  0x0000017310e9c640 JavaThread "ToolkitShutdown" daemon [_thread_in_native, id=2184, stack(0x00000023f0400000,0x00000023f0500000)]

Other Threads:
  0x0000017300832020 VMThread "VM Thread" [stack: 0x00000023ee600000,0x00000023ee700000] [id=3320]
  0x000001730096c3b0 WatcherThread [stack: 0x00000023ef100000,0x00000023ef200000] [id=13428]
  0x0000017360b66170 GCTaskThread "GC Thread#0" [stack: 0x00000023ee100000,0x00000023ee200000] [id=13544]
  0x0000017360b77610 ConcurrentGCThread "G1 Main Marker" [stack: 0x00000023ee200000,0x00000023ee300000] [id=2644]
  0x0000017360b78840 ConcurrentGCThread "G1 Conc#0" [stack: 0x00000023ee300000,0x00000023ee400000] [id=13096]
  0x0000017360bcd750 ConcurrentGCThread "G1 Refine#0" [stack: 0x00000023ee400000,0x00000023ee500000] [id=7460]
  0x0000017360bce170 ConcurrentGCThread "G1 Service" [stack: 0x00000023ee500000,0x00000023ee600000] [id=2980]

Threads with active compile tasks:

VM state: not at safepoint (normal execution)

VM Mutex/Monitor currently owned by a thread: None

Heap address: 0x0000000702400000, size: 4060 MB, Compressed Oops mode: Zero based, Oop shift amount: 3

CDS archive(s) not mapped
Compressed class space mapped at: 0x0000000800000000-0x0000000840000000, reserved size: 1073741824
Narrow klass base: 0x0000000800000000, Narrow klass shift: 0, Narrow klass range: 0x40000000

GC Precious Log:
 CPUs: 8 total, 8 available
 Memory: 16236M
 Large Page Support: Disabled
 NUMA Support: Disabled
 Compressed Oops: Enabled (Zero based)
 Heap Region Size: 2M
 Heap Min Capacity: 8M
 Heap Initial Capacity: 254M
 Heap Max Capacity: 4060M
 Pre-touch: Disabled
 Parallel Workers: 8
 Concurrent Workers: 2
 Concurrent Refinement Workers: 8
 Periodic GC: Disabled

Heap:
 garbage-first heap   total 260096K, used 14336K [0x0000000702400000, 0x0000000800000000)
  region size 2048K, 8 young (16384K), 0 survivors (0K)
 Metaspace       used 14566K, committed 14784K, reserved 1064960K
  class space    used 1411K, committed 1536K, reserved 1048576K

Heap Regions: E=young(eden), S=young(survivor), O=old, HS=humongous(starts), HC=humongous(continues), CS=collection set, F=free, OA=open archive, CA=closed archive, TAMS=top-at-mark-start (previous, next)
|   0|0x0000000702400000, 0x0000000702400000, 0x0000000702600000|  0%| F|  |TAMS 0x0000000702400000, 0x0000000702400000| Untracked 
|   1|0x0000000702600000, 0x0000000702600000, 0x0000000702800000|  0%| F|  |TAMS 0x0000000702600000, 0x0000000702600000| Untracked 
|   2|0x0000000702800000, 0x0000000702800000, 0x0000000702a00000|  0%| F|  |TAMS 0x0000000702800000, 0x0000000702800000| Untracked 
|   3|0x0000000702a00000, 0x0000000702a00000, 0x0000000702c00000|  0%| F|  |TAMS 0x0000000702a00000, 0x0000000702a00000| Untracked 
|   4|0x0000000702c00000, 0x0000000702c00000, 0x0000000702e00000|  0%| F|  |TAMS 0x0000000702c00000, 0x0000000702c00000| Untracked 
|   5|0x0000000702e00000, 0x0000000702e00000, 0x0000000703000000|  0%| F|  |TAMS 0x0000000702e00000, 0x0000000702e00000| Untracked 
|   6|0x0000000703000000, 0x0000000703000000, 0x0000000703200000|  0%| F|  |TAMS 0x0000000703000000, 0x0000000703000000| Untracked 
|   7|0x0000000703200000, 0x0000000703200000, 0x0000000703400000|  0%| F|  |TAMS 0x0000000703200000, 0x0000000703200000| Untracked 
|   8|0x0000000703400000, 0x0000000703400000, 0x0000000703600000|  0%| F|  |TAMS 0x0000000703400000, 0x0000000703400000| Untracked 
|   9|0x0000000703600000, 0x0000000703600000, 0x0000000703800000|  0%| F|  |TAMS 0x0000000703600000, 0x0000000703600000| Untracked 
|  10|0x0000000703800000, 0x0000000703800000, 0x0000000703a00000|  0%| F|  |TAMS 0x0000000703800000, 0x0000000703800000| Untracked 
|  11|0x0000000703a00000, 0x0000000703a00000, 0x0000000703c00000|  0%| F|  |TAMS 0x0000000703a00000, 0x0000000703a00000| Untracked 
|  12|0x0000000703c00000, 0x0000000703c00000, 0x0000000703e00000|  0%| F|  |TAMS 0x0000000703c00000, 0x0000000703c00000| Untracked 
|  13|0x0000000703e00000, 0x0000000703e00000, 0x0000000704000000|  0%| F|  |TAMS 0x0000000703e00000, 0x0000000703e00000| Untracked 
|  14|0x0000000704000000, 0x0000000704000000, 0x0000000704200000|  0%| F|  |TAMS 0x0000000704000000, 0x0000000704000000| Untracked 
|  15|0x0000000704200000, 0x0000000704200000, 0x0000000704400000|  0%| F|  |TAMS 0x0000000704200000, 0x0000000704200000| Untracked 
|  16|0x0000000704400000, 0x0000000704400000, 0x0000000704600000|  0%| F|  |TAMS 0x0000000704400000, 0x0000000704400000| Untracked 
|  17|0x0000000704600000, 0x0000000704600000, 0x0000000704800000|  0%| F|  |TAMS 0x0000000704600000, 0x0000000704600000| Untracked 
|  18|0x0000000704800000, 0x0000000704800000, 0x0000000704a00000|  0%| F|  |TAMS 0x0000000704800000, 0x0000000704800000| Untracked 
|  19|0x0000000704a00000, 0x0000000704a00000, 0x0000000704c00000|  0%| F|  |TAMS 0x0000000704a00000, 0x0000000704a00000| Untracked 
|  20|0x0000000704c00000, 0x0000000704c00000, 0x0000000704e00000|  0%| F|  |TAMS 0x0000000704c00000, 0x0000000704c00000| Untracked 
|  21|0x0000000704e00000, 0x0000000704e00000, 0x0000000705000000|  0%| F|  |TAMS 0x0000000704e00000, 0x0000000704e00000| Untracked 
|  22|0x0000000705000000, 0x0000000705000000, 0x0000000705200000|  0%| F|  |TAMS 0x0000000705000000, 0x0000000705000000| Untracked 
|  23|0x0000000705200000, 0x0000000705200000, 0x0000000705400000|  0%| F|  |TAMS 0x0000000705200000, 0x0000000705200000| Untracked 
|  24|0x0000000705400000, 0x0000000705400000, 0x0000000705600000|  0%| F|  |TAMS 0x0000000705400000, 0x0000000705400000| Untracked 
|  25|0x0000000705600000, 0x0000000705600000, 0x0000000705800000|  0%| F|  |TAMS 0x0000000705600000, 0x0000000705600000| Untracked 
|  26|0x0000000705800000, 0x0000000705800000, 0x0000000705a00000|  0%| F|  |TAMS 0x0000000705800000, 0x0000000705800000| Untracked 
|  27|0x0000000705a00000, 0x0000000705a00000, 0x0000000705c00000|  0%| F|  |TAMS 0x0000000705a00000, 0x0000000705a00000| Untracked 
|  28|0x0000000705c00000, 0x0000000705c00000, 0x0000000705e00000|  0%| F|  |TAMS 0x0000000705c00000, 0x0000000705c00000| Untracked 
|  29|0x0000000705e00000, 0x0000000705e00000, 0x0000000706000000|  0%| F|  |TAMS 0x0000000705e00000, 0x0000000705e00000| Untracked 
|  30|0x0000000706000000, 0x0000000706000000, 0x0000000706200000|  0%| F|  |TAMS 0x0000000706000000, 0x0000000706000000| Untracked 
|  31|0x0000000706200000, 0x0000000706200000, 0x0000000706400000|  0%| F|  |TAMS 0x0000000706200000, 0x0000000706200000| Untracked 
|  32|0x0000000706400000, 0x0000000706400000, 0x0000000706600000|  0%| F|  |TAMS 0x0000000706400000, 0x0000000706400000| Untracked 
|  33|0x0000000706600000, 0x0000000706600000, 0x0000000706800000|  0%| F|  |TAMS 0x0000000706600000, 0x0000000706600000| Untracked 
|  34|0x0000000706800000, 0x0000000706800000, 0x0000000706a00000|  0%| F|  |TAMS 0x0000000706800000, 0x0000000706800000| Untracked 
|  35|0x0000000706a00000, 0x0000000706a00000, 0x0000000706c00000|  0%| F|  |TAMS 0x0000000706a00000, 0x0000000706a00000| Untracked 
|  36|0x0000000706c00000, 0x0000000706c00000, 0x0000000706e00000|  0%| F|  |TAMS 0x0000000706c00000, 0x0000000706c00000| Untracked 
|  37|0x0000000706e00000, 0x0000000706e00000, 0x0000000707000000|  0%| F|  |TAMS 0x0000000706e00000, 0x0000000706e00000| Untracked 
|  38|0x0000000707000000, 0x0000000707000000, 0x0000000707200000|  0%| F|  |TAMS 0x0000000707000000, 0x0000000707000000| Untracked 
|  39|0x0000000707200000, 0x0000000707200000, 0x0000000707400000|  0%| F|  |TAMS 0x0000000707200000, 0x0000000707200000| Untracked 
|  40|0x0000000707400000, 0x0000000707400000, 0x0000000707600000|  0%| F|  |TAMS 0x0000000707400000, 0x0000000707400000| Untracked 
|  41|0x0000000707600000, 0x0000000707600000, 0x0000000707800000|  0%| F|  |TAMS 0x0000000707600000, 0x0000000707600000| Untracked 
|  42|0x0000000707800000, 0x0000000707800000, 0x0000000707a00000|  0%| F|  |TAMS 0x0000000707800000, 0x0000000707800000| Untracked 
|  43|0x0000000707a00000, 0x0000000707a00000, 0x0000000707c00000|  0%| F|  |TAMS 0x0000000707a00000, 0x0000000707a00000| Untracked 
|  44|0x0000000707c00000, 0x0000000707c00000, 0x0000000707e00000|  0%| F|  |TAMS 0x0000000707c00000, 0x0000000707c00000| Untracked 
|  45|0x0000000707e00000, 0x0000000707e00000, 0x0000000708000000|  0%| F|  |TAMS 0x0000000707e00000, 0x0000000707e00000| Untracked 
|  46|0x0000000708000000, 0x0000000708000000, 0x0000000708200000|  0%| F|  |TAMS 0x0000000708000000, 0x0000000708000000| Untracked 
|  47|0x0000000708200000, 0x0000000708200000, 0x0000000708400000|  0%| F|  |TAMS 0x0000000708200000, 0x0000000708200000| Untracked 
|  48|0x0000000708400000, 0x0000000708400000, 0x0000000708600000|  0%| F|  |TAMS 0x0000000708400000, 0x0000000708400000| Untracked 
|  49|0x0000000708600000, 0x0000000708600000, 0x0000000708800000|  0%| F|  |TAMS 0x0000000708600000, 0x0000000708600000| Untracked 
|  50|0x0000000708800000, 0x0000000708800000, 0x0000000708a00000|  0%| F|  |TAMS 0x0000000708800000, 0x0000000708800000| Untracked 
|  51|0x0000000708a00000, 0x0000000708a00000, 0x0000000708c00000|  0%| F|  |TAMS 0x0000000708a00000, 0x0000000708a00000| Untracked 
|  52|0x0000000708c00000, 0x0000000708c00000, 0x0000000708e00000|  0%| F|  |TAMS 0x0000000708c00000, 0x0000000708c00000| Untracked 
|  53|0x0000000708e00000, 0x0000000708e00000, 0x0000000709000000|  0%| F|  |TAMS 0x0000000708e00000, 0x0000000708e00000| Untracked 
|  54|0x0000000709000000, 0x0000000709000000, 0x0000000709200000|  0%| F|  |TAMS 0x0000000709000000, 0x0000000709000000| Untracked 
|  55|0x0000000709200000, 0x0000000709200000, 0x0000000709400000|  0%| F|  |TAMS 0x0000000709200000, 0x0000000709200000| Untracked 
|  56|0x0000000709400000, 0x0000000709400000, 0x0000000709600000|  0%| F|  |TAMS 0x0000000709400000, 0x0000000709400000| Untracked 
|  57|0x0000000709600000, 0x0000000709600000, 0x0000000709800000|  0%| F|  |TAMS 0x0000000709600000, 0x0000000709600000| Untracked 
|  58|0x0000000709800000, 0x0000000709800000, 0x0000000709a00000|  0%| F|  |TAMS 0x0000000709800000, 0x0000000709800000| Untracked 
|  59|0x0000000709a00000, 0x0000000709a00000, 0x0000000709c00000|  0%| F|  |TAMS 0x0000000709a00000, 0x0000000709a00000| Untracked 
|  60|0x0000000709c00000, 0x0000000709c00000, 0x0000000709e00000|  0%| F|  |TAMS 0x0000000709c00000, 0x0000000709c00000| Untracked 
|  61|0x0000000709e00000, 0x0000000709e00000, 0x000000070a000000|  0%| F|  |TAMS 0x0000000709e00000, 0x0000000709e00000| Untracked 
|  62|0x000000070a000000, 0x000000070a000000, 0x000000070a200000|  0%| F|  |TAMS 0x000000070a000000, 0x000000070a000000| Untracked 
|  63|0x000000070a200000, 0x000000070a200000, 0x000000070a400000|  0%| F|  |TAMS 0x000000070a200000, 0x000000070a200000| Untracked 
|  64|0x000000070a400000, 0x000000070a400000, 0x000000070a600000|  0%| F|  |TAMS 0x000000070a400000, 0x000000070a400000| Untracked 
|  65|0x000000070a600000, 0x000000070a600000, 0x000000070a800000|  0%| F|  |TAMS 0x000000070a600000, 0x000000070a600000| Untracked 
|  66|0x000000070a800000, 0x000000070a800000, 0x000000070aa00000|  0%| F|  |TAMS 0x000000070a800000, 0x000000070a800000| Untracked 
|  67|0x000000070aa00000, 0x000000070aa00000, 0x000000070ac00000|  0%| F|  |TAMS 0x000000070aa00000, 0x000000070aa00000| Untracked 
|  68|0x000000070ac00000, 0x000000070ac00000, 0x000000070ae00000|  0%| F|  |TAMS 0x000000070ac00000, 0x000000070ac00000| Untracked 
|  69|0x000000070ae00000, 0x000000070ae00000, 0x000000070b000000|  0%| F|  |TAMS 0x000000070ae00000, 0x000000070ae00000| Untracked 
|  70|0x000000070b000000, 0x000000070b000000, 0x000000070b200000|  0%| F|  |TAMS 0x000000070b000000, 0x000000070b000000| Untracked 
|  71|0x000000070b200000, 0x000000070b200000, 0x000000070b400000|  0%| F|  |TAMS 0x000000070b200000, 0x000000070b200000| Untracked 
|  72|0x000000070b400000, 0x000000070b400000, 0x000000070b600000|  0%| F|  |TAMS 0x000000070b400000, 0x000000070b400000| Untracked 
|  73|0x000000070b600000, 0x000000070b600000, 0x000000070b800000|  0%| F|  |TAMS 0x000000070b600000, 0x000000070b600000| Untracked 
|  74|0x000000070b800000, 0x000000070b800000, 0x000000070ba00000|  0%| F|  |TAMS 0x000000070b800000, 0x000000070b800000| Untracked 
|  75|0x000000070ba00000, 0x000000070ba00000, 0x000000070bc00000|  0%| F|  |TAMS 0x000000070ba00000, 0x000000070ba00000| Untracked 
|  76|0x000000070bc00000, 0x000000070bc00000, 0x000000070be00000|  0%| F|  |TAMS 0x000000070bc00000, 0x000000070bc00000| Untracked 
|  77|0x000000070be00000, 0x000000070be00000, 0x000000070c000000|  0%| F|  |TAMS 0x000000070be00000, 0x000000070be00000| Untracked 
|  78|0x000000070c000000, 0x000000070c000000, 0x000000070c200000|  0%| F|  |TAMS 0x000000070c000000, 0x000000070c000000| Untracked 
|  79|0x000000070c200000, 0x000000070c200000, 0x000000070c400000|  0%| F|  |TAMS 0x000000070c200000, 0x000000070c200000| Untracked 
|  80|0x000000070c400000, 0x000000070c400000, 0x000000070c600000|  0%| F|  |TAMS 0x000000070c400000, 0x000000070c400000| Untracked 
|  81|0x000000070c600000, 0x000000070c600000, 0x000000070c800000|  0%| F|  |TAMS 0x000000070c600000, 0x000000070c600000| Untracked 
|  82|0x000000070c800000, 0x000000070c800000, 0x000000070ca00000|  0%| F|  |TAMS 0x000000070c800000, 0x000000070c800000| Untracked 
|  83|0x000000070ca00000, 0x000000070ca00000, 0x000000070cc00000|  0%| F|  |TAMS 0x000000070ca00000, 0x000000070ca00000| Untracked 
|  84|0x000000070cc00000, 0x000000070cc00000, 0x000000070ce00000|  0%| F|  |TAMS 0x000000070cc00000, 0x000000070cc00000| Untracked 
|  85|0x000000070ce00000, 0x000000070ce00000, 0x000000070d000000|  0%| F|  |TAMS 0x000000070ce00000, 0x000000070ce00000| Untracked 
|  86|0x000000070d000000, 0x000000070d000000, 0x000000070d200000|  0%| F|  |TAMS 0x000000070d000000, 0x000000070d000000| Untracked 
|  87|0x000000070d200000, 0x000000070d200000, 0x000000070d400000|  0%| F|  |TAMS 0x000000070d200000, 0x000000070d200000| Untracked 
|  88|0x000000070d400000, 0x000000070d400000, 0x000000070d600000|  0%| F|  |TAMS 0x000000070d400000, 0x000000070d400000| Untracked 
|  89|0x000000070d600000, 0x000000070d600000, 0x000000070d800000|  0%| F|  |TAMS 0x000000070d600000, 0x000000070d600000| Untracked 
|  90|0x000000070d800000, 0x000000070d800000, 0x000000070da00000|  0%| F|  |TAMS 0x000000070d800000, 0x000000070d800000| Untracked 
|  91|0x000000070da00000, 0x000000070da00000, 0x000000070dc00000|  0%| F|  |TAMS 0x000000070da00000, 0x000000070da00000| Untracked 
|  92|0x000000070dc00000, 0x000000070dc00000, 0x000000070de00000|  0%| F|  |TAMS 0x000000070dc00000, 0x000000070dc00000| Untracked 
|  93|0x000000070de00000, 0x000000070de00000, 0x000000070e000000|  0%| F|  |TAMS 0x000000070de00000, 0x000000070de00000| Untracked 
|  94|0x000000070e000000, 0x000000070e000000, 0x000000070e200000|  0%| F|  |TAMS 0x000000070e000000, 0x000000070e000000| Untracked 
|  95|0x000000070e200000, 0x000000070e200000, 0x000000070e400000|  0%| F|  |TAMS 0x000000070e200000, 0x000000070e200000| Untracked 
|  96|0x000000070e400000, 0x000000070e400000, 0x000000070e600000|  0%| F|  |TAMS 0x000000070e400000, 0x000000070e400000| Untracked 
|  97|0x000000070e600000, 0x000000070e600000, 0x000000070e800000|  0%| F|  |TAMS 0x000000070e600000, 0x000000070e600000| Untracked 
|  98|0x000000070e800000, 0x000000070e800000, 0x000000070ea00000|  0%| F|  |TAMS 0x000000070e800000, 0x000000070e800000| Untracked 
|  99|0x000000070ea00000, 0x000000070ea00000, 0x000000070ec00000|  0%| F|  |TAMS 0x000000070ea00000, 0x000000070ea00000| Untracked 
| 100|0x000000070ec00000, 0x000000070ec00000, 0x000000070ee00000|  0%| F|  |TAMS 0x000000070ec00000, 0x000000070ec00000| Untracked 
| 101|0x000000070ee00000, 0x000000070ee00000, 0x000000070f000000|  0%| F|  |TAMS 0x000000070ee00000, 0x000000070ee00000| Untracked 
| 102|0x000000070f000000, 0x000000070f000000, 0x000000070f200000|  0%| F|  |TAMS 0x000000070f000000, 0x000000070f000000| Untracked 
| 103|0x000000070f200000, 0x000000070f200000, 0x000000070f400000|  0%| F|  |TAMS 0x000000070f200000, 0x000000070f200000| Untracked 
| 104|0x000000070f400000, 0x000000070f400000, 0x000000070f600000|  0%| F|  |TAMS 0x000000070f400000, 0x000000070f400000| Untracked 
| 105|0x000000070f600000, 0x000000070f600000, 0x000000070f800000|  0%| F|  |TAMS 0x000000070f600000, 0x000000070f600000| Untracked 
| 106|0x000000070f800000, 0x000000070f800000, 0x000000070fa00000|  0%| F|  |TAMS 0x000000070f800000, 0x000000070f800000| Untracked 
| 107|0x000000070fa00000, 0x000000070fa00000, 0x000000070fc00000|  0%| F|  |TAMS 0x000000070fa00000, 0x000000070fa00000| Untracked 
| 108|0x000000070fc00000, 0x000000070fc00000, 0x000000070fe00000|  0%| F|  |TAMS 0x000000070fc00000, 0x000000070fc00000| Untracked 
| 109|0x000000070fe00000, 0x000000070fe00000, 0x0000000710000000|  0%| F|  |TAMS 0x000000070fe00000, 0x000000070fe00000| Untracked 
| 110|0x0000000710000000, 0x0000000710000000, 0x0000000710200000|  0%| F|  |TAMS 0x0000000710000000, 0x0000000710000000| Untracked 
| 111|0x0000000710200000, 0x0000000710200000, 0x0000000710400000|  0%| F|  |TAMS 0x0000000710200000, 0x0000000710200000| Untracked 
| 112|0x0000000710400000, 0x0000000710400000, 0x0000000710600000|  0%| F|  |TAMS 0x0000000710400000, 0x0000000710400000| Untracked 
| 113|0x0000000710600000, 0x0000000710600000, 0x0000000710800000|  0%| F|  |TAMS 0x0000000710600000, 0x0000000710600000| Untracked 
| 114|0x0000000710800000, 0x0000000710800000, 0x0000000710a00000|  0%| F|  |TAMS 0x0000000710800000, 0x0000000710800000| Untracked 
| 115|0x0000000710a00000, 0x0000000710a00000, 0x0000000710c00000|  0%| F|  |TAMS 0x0000000710a00000, 0x0000000710a00000| Untracked 
| 116|0x0000000710c00000, 0x0000000710c00000, 0x0000000710e00000|  0%| F|  |TAMS 0x0000000710c00000, 0x0000000710c00000| Untracked 
| 117|0x0000000710e00000, 0x0000000710e00000, 0x0000000711000000|  0%| F|  |TAMS 0x0000000710e00000, 0x0000000710e00000| Untracked 
| 118|0x0000000711000000, 0x0000000711000000, 0x0000000711200000|  0%| F|  |TAMS 0x0000000711000000, 0x0000000711000000| Untracked 
| 119|0x0000000711200000, 0x0000000711200800, 0x0000000711400000|  0%| E|  |TAMS 0x0000000711200000, 0x0000000711200000| Complete 
| 120|0x0000000711400000, 0x0000000711600000, 0x0000000711600000|100%| E|CS|TAMS 0x0000000711400000, 0x0000000711400000| Complete 
| 121|0x0000000711600000, 0x0000000711800000, 0x0000000711800000|100%| E|CS|TAMS 0x0000000711600000, 0x0000000711600000| Complete 
| 122|0x0000000711800000, 0x0000000711a00000, 0x0000000711a00000|100%| E|CS|TAMS 0x0000000711800000, 0x0000000711800000| Complete 
| 123|0x0000000711a00000, 0x0000000711c00000, 0x0000000711c00000|100%| E|CS|TAMS 0x0000000711a00000, 0x0000000711a00000| Complete 
| 124|0x0000000711c00000, 0x0000000711e00000, 0x0000000711e00000|100%| E|CS|TAMS 0x0000000711c00000, 0x0000000711c00000| Complete 
| 125|0x0000000711e00000, 0x0000000712000000, 0x0000000712000000|100%| E|CS|TAMS 0x0000000711e00000, 0x0000000711e00000| Complete 
| 126|0x0000000712000000, 0x0000000712200000, 0x0000000712200000|100%| E|CS|TAMS 0x0000000712000000, 0x0000000712000000| Complete 

Card table byte_map: [0x0000017373ce0000,0x00000173744d0000] _byte_map_base: 0x00000173704ce000

Marking Bits (Prev, Next): (CMBitMap*) 0x0000017360b66780, (CMBitMap*) 0x0000017360b667c0
 Prev Bits: [0x0000017374cc0000, 0x0000017378c30000)
 Next Bits: [0x0000017378c30000, 0x000001737cba0000)

Polling page: 0x000001735eab0000

Metaspace:

Usage:
  Non-class:     12.85 MB used.
      Class:      1.38 MB used.
       Both:     14.22 MB used.

Virtual space:
  Non-class space:       16.00 MB reserved,      12.94 MB ( 81%) committed,  2 nodes.
      Class space:        1.00 GB reserved,       1.50 MB ( <1%) committed,  1 nodes.
             Both:        1.02 GB reserved,      14.44 MB (  1%) committed. 

Chunk freelists:
   Non-Class:  2.94 MB
       Class:  2.54 MB
        Both:  5.48 MB

MaxMetaspaceSize: unlimited
CompressedClassSpaceSize: 1.00 GB
Initial GC threshold: 21.00 MB
Current GC threshold: 21.00 MB
CDS: off
MetaspaceReclaimPolicy: balanced
 - commit_granule_bytes: 65536.
 - commit_granule_words: 8192.
 - virtual_space_node_default_size: 1048576.
 - enlarge_chunks_in_place: 1.
 - new_chunks_are_fully_committed: 0.
 - uncommit_free_chunks: 1.
 - use_allocation_guard: 0.
 - handle_deallocations: 1.


Internal statistics:

num_allocs_failed_limit: 0.
num_arena_births: 116.
num_arena_deaths: 0.
num_vsnodes_births: 3.
num_vsnodes_deaths: 0.
num_space_committed: 231.
num_space_uncommitted: 0.
num_chunks_returned_to_freelist: 0.
num_chunks_taken_from_freelist: 171.
num_chunk_merges: 0.
num_chunk_splits: 95.
num_chunks_enlarged: 53.
num_purges: 0.
num_inconsistent_stats: 0.

CodeHeap 'non-profiled nmethods': size=120000Kb used=525Kb max_used=525Kb free=119474Kb
 bounds [0x000001736bc90000, 0x000001736bf00000, 0x00000173731c0000]
CodeHeap 'profiled nmethods': size=120000Kb used=2288Kb max_used=2288Kb free=117711Kb
 bounds [0x00000173641c0000, 0x0000017364430000, 0x000001736b6f0000]
CodeHeap 'non-nmethods': size=5760Kb used=1262Kb max_used=1289Kb free=4498Kb
 bounds [0x000001736b6f0000, 0x000001736b960000, 0x000001736bc90000]
 total_blobs=1832 nmethods=1248 adapters=497
 compilation: enabled
              stopped_count=0, restarted_count=0
 full_count=0

Compilation events (20 events):
Event: 9.206 Thread 0x00000173008922e0 1240       3       sun.java2d.loops.ScaledBlit::getFromCache (49 bytes)
Event: 9.206 Thread 0x00000173008922e0 nmethod 1240 0x00000173643f4810 code [0x00000173643f4a00, 0x00000173643f4f08]
Event: 9.206 Thread 0x00000173008922e0 1241       3       sun.java2d.d3d.D3DSwToSurfaceScale::Scale (32 bytes)
Event: 9.206 Thread 0x00000173008922e0 nmethod 1241 0x00000173643f5090 code [0x00000173643f5240, 0x00000173643f53e8]
Event: 9.206 Thread 0x00000173008922e0 1242   !   3       sun.java2d.d3d.D3DBlitLoops::Blit (164 bytes)
Event: 9.208 Thread 0x00000173008922e0 nmethod 1242 0x00000173643f5510 code [0x00000173643f5920, 0x00000173643f7988]
Event: 9.208 Thread 0x00000173008922e0 1243       3       sun.java2d.pipe.RenderQueue::addReference (12 bytes)
Event: 9.208 Thread 0x00000173008922e0 nmethod 1243 0x00000173643f8890 code [0x00000173643f8a40, 0x00000173643f8c28]
Event: 9.208 Thread 0x00000173008922e0 1244       3       sun.awt.windows.WComponentPeer::flip (54 bytes)
Event: 9.208 Thread 0x00000173008922e0 nmethod 1244 0x00000173643f8d10 code [0x00000173643f8f00, 0x00000173643f9778]
Event: 9.208 Thread 0x00000173008922e0 1245   !   3       sun.java2d.d3d.D3DGraphicsConfig::flip (241 bytes)
Event: 9.209 Thread 0x00000173008922e0 nmethod 1245 0x00000173643f9990 code [0x00000173643f9d20, 0x00000173643fb138]
Event: 9.289 Thread 0x0000017300891930 1246       4       com.newbie.main.Game::tick (38 bytes)
Event: 9.291 Thread 0x0000017300891930 nmethod 1246 0x000001736bd10990 code [0x000001736bd10b40, 0x000001736bd10d98]
Event: 9.306 Thread 0x0000017300891930 1247       4       com.newbie.main.Game::render (128 bytes)
Event: 9.321 Thread 0x0000017300891930 nmethod 1247 0x000001736bd11010 code [0x000001736bd112a0, 0x000001736bd11ff0]
Event: 9.445 Thread 0x00000173008922e0 1248       3       java.util.concurrent.locks.AbstractQueuedSynchronizer$ConditionObject::doSignal (54 bytes)
Event: 9.445 Thread 0x00000173008922e0 nmethod 1248 0x00000173643fbc90 code [0x00000173643fbe60, 0x00000173643fc238]
Event: 10.364 Thread 0x0000017300891930 1249   !   4       sun.awt.AWTAutoShutdown::setToolkitBusy (124 bytes)
Event: 10.367 Thread 0x0000017300891930 nmethod 1249 0x000001736bd12b10 code [0x000001736bd12ca0, 0x000001736bd131f8]

GC Heap History (0 events):
No events

Dll operation events (8 events):
Event: 0.007 Loaded shared library C:\Users\Usuario\.p2\pool\plugins\org.eclipse.justj.openjdk.hotspot.jre.full.win32.x86_64_17.0.6.v20230204-1729\jre\bin\java.dll
Event: 0.116 Loaded shared library C:\Users\Usuario\.p2\pool\plugins\org.eclipse.justj.openjdk.hotspot.jre.full.win32.x86_64_17.0.6.v20230204-1729\jre\bin\jimage.dll
Event: 0.152 Loaded shared library C:\Users\Usuario\.p2\pool\plugins\org.eclipse.justj.openjdk.hotspot.jre.full.win32.x86_64_17.0.6.v20230204-1729\jre\bin\awt.dll
Event: 0.417 Loaded shared library C:\Users\Usuario\.p2\pool\plugins\org.eclipse.justj.openjdk.hotspot.jre.full.win32.x86_64_17.0.6.v20230204-1729\jre\bin\freetype.dll
Event: 0.419 Loaded shared library C:\Users\Usuario\.p2\pool\plugins\org.eclipse.justj.openjdk.hotspot.jre.full.win32.x86_64_17.0.6.v20230204-1729\jre\bin\fontmanager.dll
Event: 0.521 Loaded shared library C:\Users\Usuario\.p2\pool\plugins\org.eclipse.justj.openjdk.hotspot.jre.full.win32.x86_64_17.0.6.v20230204-1729\jre\bin\net.dll
Event: 0.560 Loaded shared library C:\Users\Usuario\.p2\pool\plugins\org.eclipse.justj.openjdk.hotspot.jre.full.win32.x86_64_17.0.6.v20230204-1729\jre\bin\nio.dll
Event: 0.577 Loaded shared library C:\Users\Usuario\.p2\pool\plugins\org.eclipse.justj.openjdk.hotspot.jre.full.win32.x86_64_17.0.6.v20230204-1729\jre\bin\zip.dll

Deoptimization events (20 events):
Event: 1.506 Thread 0x0000017300880d20 Uncommon trap: trap_request=0xffffff45 fr.pc=0x000001736bcced4c relative=0x00000000000002cc
Event: 1.506 Thread 0x0000017300880d20 Uncommon trap: reason=unstable_if action=reinterpret pc=0x000001736bcced4c method=sun.awt.image.SurfaceManager.getManager(Ljava/awt/Image;)Lsun/awt/image/SurfaceManager; @ 9 c2
Event: 1.506 Thread 0x0000017300880d20 DEOPT PACKING pc=0x000001736bcced4c sp=0x00000023f01fedd0
Event: 1.506 Thread 0x0000017300880d20 DEOPT UNPACKING pc=0x000001736b7469a3 sp=0x00000023f01fecf0 mode 2
Event: 1.572 Thread 0x0000017300880d20 Uncommon trap: trap_request=0xffffff45 fr.pc=0x000001736bcccd58 relative=0x0000000000000058
Event: 1.572 Thread 0x0000017300880d20 Uncommon trap: reason=unstable_if action=reinterpret pc=0x000001736bcccd58 method=sun.awt.image.SurfaceManager.getManager(Ljava/awt/Image;)Lsun/awt/image/SurfaceManager; @ 9 c2
Event: 1.572 Thread 0x0000017300880d20 DEOPT PACKING pc=0x000001736bcccd58 sp=0x00000023f01fed50
Event: 1.572 Thread 0x0000017300880d20 DEOPT UNPACKING pc=0x000001736b7469a3 sp=0x00000023f01fecd8 mode 2
Event: 1.655 Thread 0x0000017300880d20 Uncommon trap: trap_request=0xffffff45 fr.pc=0x000001736bcc8b70 relative=0x0000000000000190
Event: 1.655 Thread 0x0000017300880d20 Uncommon trap: reason=unstable_if action=reinterpret pc=0x000001736bcc8b70 method=com.newbie.main.Game.run()V @ 86 c2
Event: 1.655 Thread 0x0000017300880d20 DEOPT PACKING pc=0x000001736bcc8b70 sp=0x00000023f01ff270
Event: 1.655 Thread 0x0000017300880d20 DEOPT UNPACKING pc=0x000001736b7469a3 sp=0x00000023f01ff1e8 mode 2
Event: 1.787 Thread 0x0000017300880d20 DEOPT PACKING pc=0x0000017364320733 sp=0x00000023f01ff1a0
Event: 1.787 Thread 0x0000017300880d20 DEOPT UNPACKING pc=0x000001736b747143 sp=0x00000023f01fe6d8 mode 0
Event: 4.555 Thread 0x0000017300880d20 DEOPT PACKING pc=0x000001736432ab7d sp=0x00000023f01ff130
Event: 4.556 Thread 0x0000017300880d20 DEOPT UNPACKING pc=0x000001736b747143 sp=0x00000023f01fe5a0 mode 0
Event: 9.289 Thread 0x0000017300880d20 DEOPT PACKING pc=0x000001736432d11d sp=0x00000023f01ff210
Event: 9.289 Thread 0x0000017300880d20 DEOPT UNPACKING pc=0x000001736b747143 sp=0x00000023f01fe690 mode 0
Event: 9.306 Thread 0x0000017300880d20 DEOPT PACKING pc=0x000001736432f2ff sp=0x00000023f01ff190
Event: 9.306 Thread 0x0000017300880d20 DEOPT UNPACKING pc=0x000001736b747143 sp=0x00000023f01fe680 mode 0

Classes unloaded (0 events):
No events

Classes redefined (0 events):
No events

Internal exceptions (17 events):
Event: 0.140 Thread 0x0000017360af90d0 Exception <a 'java/lang/ClassNotFoundException'{0x000000071219a550}: sun/awt/resources/spi/awtProvider> (0x000000071219a550) 
thrown [s\src\hotspot\share\classfile\systemDictionary.cpp, line 256]
Event: 0.169 Thread 0x0000017360af90d0 Exception <a 'java/io/FileNotFoundException'{0x00000007121f52c8}> (0x00000007121f52c8) 
thrown [s\src\hotspot\share\prims\jni.cpp, line 516]
Event: 0.176 Thread 0x0000017360af90d0 Exception <a 'java/io/FileNotFoundException'{0x0000000711e228e0}> (0x0000000711e228e0) 
thrown [s\src\hotspot\share\prims\jni.cpp, line 516]
Event: 0.225 Thread 0x0000017360af90d0 Exception <a 'java/lang/NoSuchMethodError'{0x0000000711e75518}: 'java.lang.Object java.lang.invoke.DirectMethodHandle$Holder.invokeStaticInit(java.lang.Object)'> (0x0000000711e75518) 
thrown [s\src\hotspot\share\interpreter\linkResolver.cpp, line 759]
Event: 0.347 Thread 0x0000017360af90d0 Exception <a 'java/lang/NoSuchMethodError'{0x0000000711ec05f0}: 'void java.lang.invoke.DirectMethodHandle$Holder.invokeSpecial(java.lang.Object, java.lang.Object, java.lang.Object)'> (0x0000000711ec05f0) 
thrown [s\src\hotspot\share\interpreter\linkResolver.cpp, line 759]
Event: 0.354 Thread 0x0000017360af90d0 Exception <a 'java/lang/NoSuchMethodError'{0x0000000711f5b890}: 'java.lang.Object java.lang.invoke.DirectMethodHandle$Holder.newInvokeSpecial(java.lang.Object, java.lang.Object, java.lang.Object, java.lang.Object, java.lang.Object)'> (0x0000000711f5b890) 
thrown [s\src\hotspot\share\interpreter\linkResolver.cpp, line 759]
Event: 0.356 Thread 0x0000017360af90d0 Exception <a 'java/lang/NoSuchMethodError'{0x0000000711f67258}: 'java.lang.Object java.lang.invoke.DirectMethodHandle$Holder.invokeStatic(java.lang.Object, int, java.lang.Object, java.lang.Object, java.lang.Object, java.lang.Object)'> (0x0000000711f67258) 
thrown [s\src\hotspot\share\interpreter\linkResolver.cpp, line 759]
Event: 0.360 Thread 0x0000017360af90d0 Exception <a 'java/lang/NoSuchMethodError'{0x0000000711f8c978}: 'java.lang.Object java.lang.invoke.DirectMethodHandle$Holder.invokeStatic(java.lang.Object, int, java.lang.Object)'> (0x0000000711f8c978) 
thrown [s\src\hotspot\share\interpreter\linkResolver.cpp, line 759]
Event: 0.383 Thread 0x0000017360af90d0 Exception <a 'java/lang/ClassNotFoundException'{0x0000000711c44828}: com/sun/swing/internal/plaf/metal/resources/spi/metalProvider> (0x0000000711c44828) 
thrown [s\src\hotspot\share\classfile\systemDictionary.cpp, line 256]
Event: 0.384 Thread 0x0000017360af90d0 Exception <a 'java/lang/ClassNotFoundException'{0x0000000711c49210}: com/sun/swing/internal/plaf/basic/resources/spi/basicProvider> (0x0000000711c49210) 
thrown [s\src\hotspot\share\classfile\systemDictionary.cpp, line 256]
Event: 0.398 Thread 0x0000017300883870 Exception <a 'java/lang/NoSuchMethodError'{0x0000000711ef1850}: 'void java.lang.invoke.DirectMethodHandle$Holder.invokeVirtual(java.lang.Object, java.lang.Object)'> (0x0000000711ef1850) 
thrown [s\src\hotspot\share\interpreter\linkResolver.cpp, line 759]
Event: 0.412 Thread 0x0000017360af90d0 Exception <a 'java/lang/NoSuchMethodError'{0x0000000711cf7158}: 'void java.lang.invoke.DirectMethodHandle$Holder.invokeStaticInit(java.lang.Object)'> (0x0000000711cf7158) 
thrown [s\src\hotspot\share\interpreter\linkResolver.cpp, line 759]
Event: 0.508 Thread 0x0000017360af90d0 Exception <a 'java/lang/NoSuchMethodError'{0x0000000711a41f60}: 'java.lang.Object java.lang.invoke.DirectMethodHandle$Holder.invokeStaticInit(java.lang.Object, int, int, int, int)'> (0x0000000711a41f60) 
thrown [s\src\hotspot\share\interpreter\linkResolver.cpp, line 759]
Event: 0.564 Thread 0x0000017360af90d0 Exception <a 'java/lang/NoSuchMethodError'{0x0000000711a7bdb8}: 'java.lang.Object java.lang.invoke.DirectMethodHandle$Holder.invokeStaticInit(java.lang.Object, java.lang.Object, int, int, int, int)'> (0x0000000711a7bdb8) 
thrown [s\src\hotspot\share\interpreter\linkResolver.cpp, line 759]
Event: 0.989 Thread 0x0000017300880d20 Implicit null exception at 0x000001736bccf787 to 0x000001736bcd1f30
Event: 1.456 Thread 0x0000017300880d20 Implicit null exception at 0x000001736bcdb313 to 0x000001736bcddbd4
Event: 1.506 Thread 0x0000017300880d20 Implicit null exception at 0x000001736bccead7 to 0x000001736bcced3c

VM Operations (20 events):
Event: 0.525 Executing VM operation: HandshakeAllThreads
Event: 0.525 Executing VM operation: HandshakeAllThreads done
Event: 1.538 Executing VM operation: Cleanup
Event: 1.538 Executing VM operation: Cleanup done
Event: 2.546 Executing VM operation: Cleanup
Event: 2.546 Executing VM operation: Cleanup done
Event: 3.555 Executing VM operation: Cleanup
Event: 3.555 Executing VM operation: Cleanup done
Event: 4.561 Executing VM operation: Cleanup
Event: 4.561 Executing VM operation: Cleanup done
Event: 5.573 Executing VM operation: Cleanup
Event: 5.573 Executing VM operation: Cleanup done
Event: 6.583 Executing VM operation: Cleanup
Event: 6.583 Executing VM operation: Cleanup done
Event: 7.588 Executing VM operation: Cleanup
Event: 7.588 Executing VM operation: Cleanup done
Event: 8.595 Executing VM operation: Cleanup
Event: 8.595 Executing VM operation: Cleanup done
Event: 9.603 Executing VM operation: Cleanup
Event: 9.603 Executing VM operation: Cleanup done

Events (20 events):
Event: 0.854 loading class sun/awt/ModalExclude
Event: 0.854 loading class sun/awt/ModalExclude done
Event: 0.854 loading class javax/swing/JWindow
Event: 0.855 loading class javax/swing/JWindow done
Event: 0.855 loading class javax/swing/Popup$HeavyWeightWindow done
Event: 1.089 Thread 0x0000017310d800f0 Thread exited: 0x0000017310d800f0
Event: 1.445 loading class javax/swing/JInternalFrame
Event: 1.446 loading class javax/swing/JInternalFrame done
Event: 1.756 Thread 0x0000017310d800f0 Thread added: 0x0000017310d800f0
Event: 1.939 Thread 0x0000017310d800f0 Thread exited: 0x0000017310d800f0
Event: 10.661 Thread 0x0000017310e9c640 Thread added: 0x0000017310e9c640
Event: 10.661 Thread 0x0000017310ea09a0 Thread added: 0x0000017310ea09a0
Event: 10.661 Thread 0x0000017310e9d4b0 Thread added: 0x0000017310e9d4b0
Event: 10.661 Thread 0x0000017310ea09a0 Thread exited: 0x0000017310ea09a0
Event: 10.661 Thread 0x00000173008811f0 Thread exited: 0x00000173008811f0
Event: 10.661 loading class java/util/WeakHashMap$KeyIterator
Event: 10.661 loading class java/util/WeakHashMap$HashIterator
Event: 10.661 loading class java/util/WeakHashMap$HashIterator done
Event: 10.661 loading class java/util/WeakHashMap$KeyIterator done
Event: 10.661 Thread 0x0000017310e9d4b0 Thread exited: 0x0000017310e9d4b0


Dynamic libraries:
0x00007ff6f2e30000 - 0x00007ff6f2e3e000 	C:\Users\Usuario\.p2\pool\plugins\org.eclipse.justj.openjdk.hotspot.jre.full.win32.x86_64_17.0.6.v20230204-1729\jre\bin\javaw.exe
0x00007ffbb4510000 - 0x00007ffbb4708000 	C:\Windows\SYSTEM32\ntdll.dll
0x00007ffbb3240000 - 0x00007ffbb32ff000 	C:\Windows\System32\KERNEL32.DLL
0x00007ffbb1fe0000 - 0x00007ffbb22b2000 	C:\Windows\System32\KERNELBASE.dll
0x00007ffbb22c0000 - 0x00007ffbb23c0000 	C:\Windows\System32\ucrtbase.dll
0x00007ffbad760000 - 0x00007ffbad777000 	C:\Users\Usuario\.p2\pool\plugins\org.eclipse.justj.openjdk.hotspot.jre.full.win32.x86_64_17.0.6.v20230204-1729\jre\bin\jli.dll
0x00007ffb9f040000 - 0x00007ffb9f059000 	C:\Users\Usuario\.p2\pool\plugins\org.eclipse.justj.openjdk.hotspot.jre.full.win32.x86_64_17.0.6.v20230204-1729\jre\bin\VCRUNTIME140.dll
0x00007ffbb2650000 - 0x00007ffbb27f1000 	C:\Windows\System32\USER32.dll
0x00007ffbb24b0000 - 0x00007ffbb24d2000 	C:\Windows\System32\win32u.dll
0x00007ffb9d720000 - 0x00007ffb9d9ba000 	C:\Windows\WinSxS\amd64_microsoft.windows.common-controls_6595b64144ccf1df_6.0.19041.1110_none_60b5254171f9507e\COMCTL32.dll
0x00007ffbb42c0000 - 0x00007ffbb42eb000 	C:\Windows\System32\GDI32.dll
0x00007ffbb2d10000 - 0x00007ffbb2dae000 	C:\Windows\System32\msvcrt.dll
0x00007ffbb1df0000 - 0x00007ffbb1eff000 	C:\Windows\System32\gdi32full.dll
0x00007ffbb2410000 - 0x00007ffbb24ad000 	C:\Windows\System32\msvcp_win.dll
0x00007ffbb2e20000 - 0x00007ffbb2e52000 	C:\Windows\System32\IMM32.DLL
0x00007ffb9b620000 - 0x00007ffb9b62c000 	C:\Users\Usuario\.p2\pool\plugins\org.eclipse.justj.openjdk.hotspot.jre.full.win32.x86_64_17.0.6.v20230204-1729\jre\bin\vcruntime140_1.dll
0x00007ffb2be10000 - 0x00007ffb2bea1000 	C:\Users\Usuario\.p2\pool\plugins\org.eclipse.justj.openjdk.hotspot.jre.full.win32.x86_64_17.0.6.v20230204-1729\jre\bin\msvcp140.dll
0x00007ffb78da0000 - 0x00007ffb799e7000 	C:\Users\Usuario\.p2\pool\plugins\org.eclipse.justj.openjdk.hotspot.jre.full.win32.x86_64_17.0.6.v20230204-1729\jre\bin\server\jvm.dll
0x00007ffbb42f0000 - 0x00007ffbb439e000 	C:\Windows\System32\ADVAPI32.dll
0x00007ffbb2550000 - 0x00007ffbb25ec000 	C:\Windows\System32\sechost.dll
0x00007ffbb43a0000 - 0x00007ffbb44c5000 	C:\Windows\System32\RPCRT4.dll
0x00007ffb9ea80000 - 0x00007ffb9ea89000 	C:\Windows\SYSTEM32\WSOCK32.dll
0x00007ffbaad40000 - 0x00007ffbaad67000 	C:\Windows\SYSTEM32\WINMM.dll
0x00007ffbabee0000 - 0x00007ffbabeea000 	C:\Windows\SYSTEM32\VERSION.dll
0x00007ffbb3480000 - 0x00007ffbb34eb000 	C:\Windows\System32\WS2_32.dll
0x00007ffbafae0000 - 0x00007ffbafaf2000 	C:\Windows\SYSTEM32\kernel.appcore.dll
0x00007ffbad710000 - 0x00007ffbad71a000 	C:\Users\Usuario\.p2\pool\plugins\org.eclipse.justj.openjdk.hotspot.jre.full.win32.x86_64_17.0.6.v20230204-1729\jre\bin\jimage.dll
0x00007ffbab090000 - 0x00007ffbab274000 	C:\Windows\SYSTEM32\DBGHELP.DLL
0x00007ffba3420000 - 0x00007ffba3455000 	C:\Windows\SYSTEM32\dbgcore.DLL
0x00007ffbb1d60000 - 0x00007ffbb1de2000 	C:\Windows\System32\bcryptPrimitives.dll
0x00007ffb9ef60000 - 0x00007ffb9ef85000 	C:\Users\Usuario\.p2\pool\plugins\org.eclipse.justj.openjdk.hotspot.jre.full.win32.x86_64_17.0.6.v20230204-1729\jre\bin\java.dll
0x00007ffbad6a0000 - 0x00007ffbad6b8000 	C:\Users\Usuario\.p2\pool\plugins\org.eclipse.justj.openjdk.hotspot.jre.full.win32.x86_64_17.0.6.v20230204-1729\jre\bin\zip.dll
0x00007ffbb34f0000 - 0x00007ffbb3c34000 	C:\Windows\System32\SHELL32.dll
0x00007ffbafce0000 - 0x00007ffbb0472000 	C:\Windows\SYSTEM32\windows.storage.dll
0x00007ffbb2800000 - 0x00007ffbb2b55000 	C:\Windows\System32\combase.dll
0x00007ffbb1580000 - 0x00007ffbb15b0000 	C:\Windows\SYSTEM32\Wldp.dll
0x00007ffbb33d0000 - 0x00007ffbb347d000 	C:\Windows\System32\SHCORE.dll
0x00007ffbb25f0000 - 0x00007ffbb2645000 	C:\Windows\System32\shlwapi.dll
0x00007ffbb1b40000 - 0x00007ffbb1b5f000 	C:\Windows\SYSTEM32\profapi.dll
0x00007ffb2bb30000 - 0x00007ffb2bcbe000 	C:\Users\Usuario\.p2\pool\plugins\org.eclipse.justj.openjdk.hotspot.jre.full.win32.x86_64_17.0.6.v20230204-1729\jre\bin\awt.dll
0x00007ffbb2f00000 - 0x00007ffbb2fcd000 	C:\Windows\System32\OLEAUT32.dll
0x00007ffbaf420000 - 0x00007ffbaf4b1000 	C:\Windows\SYSTEM32\apphelp.dll
0x00007ffbaf7f0000 - 0x00007ffbaf81f000 	C:\Windows\system32\DWMAPI.DLL
0x00007ffbaf610000 - 0x00007ffbaf6ae000 	C:\Windows\system32\uxtheme.dll
0x00007ffb9b020000 - 0x00007ffb9b145000 	C:\Windows\system32\opengl32.dll
0x00007ffb9b820000 - 0x00007ffb9b84c000 	C:\Windows\SYSTEM32\GLU32.dll
0x00007ffbb3120000 - 0x00007ffbb3235000 	C:\Windows\System32\MSCTF.dll
0x00007ffbb40b0000 - 0x00007ffbb41da000 	C:\Windows\System32\ole32.dll
0x00007ffbb23c0000 - 0x00007ffbb240e000 	C:\Windows\System32\cfgmgr32.dll
0x00007ffbb1fb0000 - 0x00007ffbb1fd7000 	C:\Windows\System32\bcrypt.dll
0x00007ffbb04c0000 - 0x00007ffbb05b3000 	C:\Windows\SYSTEM32\dxgi.dll
0x00007ffbaad70000 - 0x00007ffbaadab000 	C:\Windows\SYSTEM32\dxcore.dll
0x00007ffb2b680000 - 0x00007ffb2b706000 	C:\Users\Usuario\.p2\pool\plugins\org.eclipse.justj.openjdk.hotspot.jre.full.win32.x86_64_17.0.6.v20230204-1729\jre\bin\freetype.dll
0x00007ffb2b5b0000 - 0x00007ffb2b675000 	C:\Users\Usuario\.p2\pool\plugins\org.eclipse.justj.openjdk.hotspot.jre.full.win32.x86_64_17.0.6.v20230204-1729\jre\bin\fontmanager.dll
0x00007ffba04e0000 - 0x00007ffba05d9000 	C:\Windows\SYSTEM32\textinputframework.dll
0x00007ffbaf110000 - 0x00007ffbaf202000 	C:\Windows\System32\CoreMessaging.dll
0x00007ffbaedb0000 - 0x00007ffbaf10e000 	C:\Windows\System32\CoreUIComponents.dll
0x00007ffbb0d20000 - 0x00007ffbb0d53000 	C:\Windows\SYSTEM32\ntmarta.dll
0x00007ffbae6e0000 - 0x00007ffbae834000 	C:\Windows\SYSTEM32\wintypes.dll
0x00007ffbb14e0000 - 0x00007ffbb14f8000 	C:\Windows\SYSTEM32\CRYPTSP.dll
0x00007ffbb0c00000 - 0x00007ffbb0c34000 	C:\Windows\system32\rsaenh.dll
0x00007ffbb1b00000 - 0x00007ffbb1b2e000 	C:\Windows\SYSTEM32\USERENV.dll
0x00007ffbb14d0000 - 0x00007ffbb14dc000 	C:\Windows\SYSTEM32\CRYPTBASE.dll
0x00007ffb9f010000 - 0x00007ffb9f029000 	C:\Users\Usuario\.p2\pool\plugins\org.eclipse.justj.openjdk.hotspot.jre.full.win32.x86_64_17.0.6.v20230204-1729\jre\bin\net.dll
0x00007ffba9aa0000 - 0x00007ffba9bac000 	C:\Windows\SYSTEM32\WINHTTP.dll
0x00007ffbb12e0000 - 0x00007ffbb134a000 	C:\Windows\system32\mswsock.dll
0x00007ffbb0fd0000 - 0x00007ffbb100b000 	C:\Windows\SYSTEM32\IPHLPAPI.DLL
0x00007ffbb2ef0000 - 0x00007ffbb2ef8000 	C:\Windows\System32\NSI.dll
0x00007ffbaae30000 - 0x00007ffbaae47000 	C:\Windows\SYSTEM32\dhcpcsvc6.DLL
0x00007ffbab9c0000 - 0x00007ffbab9dd000 	C:\Windows\SYSTEM32\dhcpcsvc.DLL
0x00007ffbb1010000 - 0x00007ffbb10da000 	C:\Windows\SYSTEM32\DNSAPI.dll
0x00007ffb9ccf0000 - 0x00007ffb9cd05000 	C:\Users\Usuario\.p2\pool\plugins\org.eclipse.justj.openjdk.hotspot.jre.full.win32.x86_64_17.0.6.v20230204-1729\jre\bin\nio.dll

dbghelp: loaded successfully - version: 4.0.5 - missing functions: none
symbol engine: initialized successfully - sym options: 0x614 - pdb path: .;C:\Users\Usuario\.p2\pool\plugins\org.eclipse.justj.openjdk.hotspot.jre.full.win32.x86_64_17.0.6.v20230204-1729\jre\bin;C:\Windows\SYSTEM32;C:\Windows\WinSxS\amd64_microsoft.windows.common-controls_6595b64144ccf1df_6.0.19041.1110_none_60b5254171f9507e;C:\Users\Usuario\.p2\pool\plugins\org.eclipse.justj.openjdk.hotspot.jre.full.win32.x86_64_17.0.6.v20230204-1729\jre\bin\server;C:\Windows\System32\DriverStore\FileRepository\u0386458.inf_amd64_e0283e9e7966f704\B386218

VM Arguments:
jvm_args: -Dfile.encoding=UTF-8 -XX:+ShowCodeDetailsInExceptionMessages 
java_command: com.newbie.main.Game
java_class_path (initial): C:\Users\Usuario\Documents\GitHub\GameProj\Zeldinha\bin
Launcher Type: SUN_STANDARD

[Global flags]
     intx CICompilerCount                          = 4                                         {product} {ergonomic}
     uint ConcGCThreads                            = 2                                         {product} {ergonomic}
     uint G1ConcRefinementThreads                  = 8                                         {product} {ergonomic}
   size_t G1HeapRegionSize                         = 2097152                                   {product} {ergonomic}
    uintx GCDrainStackTargetSize                   = 64                                        {product} {ergonomic}
   size_t InitialHeapSize                          = 266338304                                 {product} {ergonomic}
   size_t MarkStackSize                            = 4194304                                   {product} {ergonomic}
   size_t MaxHeapSize                              = 4257218560                                {product} {ergonomic}
   size_t MaxNewSize                               = 2554331136                                {product} {ergonomic}
   size_t MinHeapDeltaBytes                        = 2097152                                   {product} {ergonomic}
   size_t MinHeapSize                              = 8388608                                   {product} {ergonomic}
    uintx NonNMethodCodeHeapSize                   = 5839372                                {pd product} {ergonomic}
    uintx NonProfiledCodeHeapSize                  = 122909434                              {pd product} {ergonomic}
    uintx ProfiledCodeHeapSize                     = 122909434                              {pd product} {ergonomic}
    uintx ReservedCodeCacheSize                    = 251658240                              {pd product} {ergonomic}
     bool SegmentedCodeCache                       = true                                      {product} {ergonomic}
     bool ShowCodeDetailsInExceptionMessages       = true                                   {manageable} {command line}
   size_t SoftMaxHeapSize                          = 4257218560                             {manageable} {ergonomic}
     bool UseCompressedClassPointers               = true                           {product lp64_product} {ergonomic}
     bool UseCompressedOops                        = true                           {product lp64_product} {ergonomic}
     bool UseG1GC                                  = true                                      {product} {ergonomic}
     bool UseLargePagesIndividualAllocation        = false                                  {pd product} {ergonomic}

Logging:
Log output configuration:
 #0: stdout all=warning uptime,level,tags
 #1: stderr all=off uptime,level,tags

Environment Variables:
PATH=C:/Users/Usuario/.p2/pool/plugins/org.eclipse.justj.openjdk.hotspot.jre.full.win32.x86_64_17.0.6.v20230204-1729/jre/bin/server;C:/Users/Usuario/.p2/pool/plugins/org.eclipse.justj.openjdk.hotspot.jre.full.win32.x86_64_17.0.6.v20230204-1729/jre/bin;C:\Windows\system32;C:\Windows;C:\Windows\System32\Wbem;C:\Windows\System32\WindowsPowerShell\v1.0\;C:\Windows\System32\OpenSSH\;C:\Program Files\Git\cmd;C:\Program Files (x86)\ZeroTier\One\;C:\Program Files\dotnet\;C:\Users\Usuario\AppData\Local\Microsoft\WindowsApps;C:\Users\Usuario\AppData\Local\GitHubDesktop\bin;C:\Users\Usuario\AppData\Local\Programs\Microsoft VS Code\bin;C:\Users\Usuario\Desktop;
USERNAME=Usuario
OS=Windows_NT
PROCESSOR_IDENTIFIER=Intel64 Family 6 Model 63 Stepping 2, GenuineIntel
TMP=C:\Users\Usuario\AppData\Local\Temp
TEMP=C:\Users\Usuario\AppData\Local\Temp



---------------  S Y S T E M  ---------------

OS:
 Windows 10 , 64 bit Build 19041 (10.0.19041.2364)
OS uptime: 0 days 3:15 hours

CPU: total 8 (initial active 8) (8 cores per cpu, 2 threads per core) family 6 model 63 stepping 2 microcode 0x43, cx8, cmov, fxsr, ht, mmx, sse, sse2, sse3, ssse3, sse4.1, sse4.2, popcnt, lzcnt, tsc, tscinvbit, avx, avx2, aes, erms, clmul, bmi1, bmi2, fma, vzeroupper, clflush

Memory: 4k page, system-wide physical 16236M (8343M free)
TotalPageFile size 26476M (AvailPageFile size 13000M)
current process WorkingSet (physical memory assigned to process): 73M, peak: 110M
current process commit charge ("private bytes"): 387M, peak: 422M

vm_info: OpenJDK 64-Bit Server VM (17.0.6+10) for windows-amd64 JRE (17.0.6+10), built on Jan 18 2023 10:08:59 by "temurin" with MS VC++ 16.7 (VS2019)

END.
